#
# There is insufficient memory for the Java Runtime Environment to continue.
# Native memory allocation (mmap) failed to map 1769472 bytes for G1 virtual space
# Possible reasons:
#   The system is out of physical RAM or swap space
#   The process is running with CompressedOops enabled, and the Java Heap may be blocking the growth of the native heap
# Possible solutions:
#   Reduce memory load on the system
#   Increase physical memory or swap space
#   Check if swap backing store is full
#   Decrease Java heap size (-Xmx/-Xms)
#   Decrease number of Java threads
#   Decrease Java thread stack sizes (-Xss)
#   Set larger code cache with -XX:ReservedCodeCacheSize=
#   JVM is running with Zero Based Compressed Oops mode in which the Java heap is
#     placed in the first 32GB address space. The Java Heap base address is the
#     maximum limit for the native heap growth. Please use -XX:HeapBaseMinAddress
#     to set the Java Heap base and to place the Java Heap above 32GB virtual address.
# This output file may be truncated or incomplete.
#
#  Out of Memory Error (os_windows.cpp:3771), pid=13152, tid=16184
#
# JRE version: OpenJDK Runtime Environment (17.0.7) (build 17.0.7+0-b2043.56-10550314)
# Java VM: OpenJDK 64-Bit Server VM (17.0.7+0-b2043.56-10550314, mixed mode, tiered, compressed oops, compressed class ptrs, g1 gc, windows-amd64)
# No core dump will be written. Minidumps are not enabled by default on client versions of Windows
#

---------------  S U M M A R Y ------------

Command Line: org.jetbrains.kotlin.cli.jvm.K2JVMCompiler @D:\AndroidStudio\ChatAppSocial\core\common\build\20240525_10462714127960484394.compiler.options

Host: 11th Gen Intel(R) Core(TM) i5-11400H @ 2.70GHz, 12 cores, 15G,  Windows 11 , 64 bit Build 22621 (10.0.22621.3527)
Time: Sat May 25 22:11:40 2024 SE Asia Standard Time elapsed time: 6.739606 seconds (0d 0h 0m 6s)

---------------  T H R E A D  ---------------

Current thread (0x00000215564987c0):  VMThread "VM Thread" [stack: 0x0000006571a00000,0x0000006571b00000] [id=16184]

Stack: [0x0000006571a00000,0x0000006571b00000]
Native frames: (J=compiled Java code, j=interpreted, Vv=VM code, C=native code)
V  [jvm.dll+0x683bfa]
V  [jvm.dll+0x8430a4]
V  [jvm.dll+0x8449be]
V  [jvm.dll+0x845023]
V  [jvm.dll+0x24ad2f]
V  [jvm.dll+0x680ac9]
V  [jvm.dll+0x67519a]
V  [jvm.dll+0x30b3cb]
V  [jvm.dll+0x312876]
V  [jvm.dll+0x362233]
V  [jvm.dll+0x36244f]
V  [jvm.dll+0x2e14a8]
V  [jvm.dll+0x2df684]
V  [jvm.dll+0x2dec8c]
V  [jvm.dll+0x32382b]
V  [jvm.dll+0x8496eb]
V  [jvm.dll+0x84a424]
V  [jvm.dll+0x84a93d]
V  [jvm.dll+0x84ad14]
V  [jvm.dll+0x84ade0]
V  [jvm.dll+0x7f2aea]
V  [jvm.dll+0x682a35]
C  [ucrtbase.dll+0x29333]
C  [KERNEL32.DLL+0x1257d]
C  [ntdll.dll+0x5aa48]

VM_Operation (0x00000065714fb760): G1CollectForAllocation, mode: safepoint, requested by thread 0x000002153763cc00


---------------  P R O C E S S  ---------------

Threads class SMR info:
_java_thread_list=0x000002155b733a90, length=13, elements={
0x000002153763cc00, 0x000002155649b800, 0x000002155649cb50, 0x00000215564ed900,
0x00000215564ee4b0, 0x00000215564f1470, 0x00000215564f3f30, 0x00000215564f5460,
0x000002155650c420, 0x0000021556510220, 0x000002155666dfd0, 0x0000021556678520,
0x000002155b97c5c0
}

Java Threads: ( => current thread )
  0x000002153763cc00 JavaThread "main" [_thread_blocked, id=5452, stack(0x0000006571400000,0x0000006571500000)]
  0x000002155649b800 JavaThread "Reference Handler" daemon [_thread_blocked, id=14984, stack(0x0000006571b00000,0x0000006571c00000)]
  0x000002155649cb50 JavaThread "Finalizer" daemon [_thread_blocked, id=23496, stack(0x0000006571c00000,0x0000006571d00000)]
  0x00000215564ed900 JavaThread "Signal Dispatcher" daemon [_thread_blocked, id=22816, stack(0x0000006571d00000,0x0000006571e00000)]
  0x00000215564ee4b0 JavaThread "Attach Listener" daemon [_thread_blocked, id=6956, stack(0x0000006571e00000,0x0000006571f00000)]
  0x00000215564f1470 JavaThread "Service Thread" daemon [_thread_blocked, id=22068, stack(0x0000006571f00000,0x0000006572000000)]
  0x00000215564f3f30 JavaThread "Monitor Deflation Thread" daemon [_thread_blocked, id=18980, stack(0x0000006572000000,0x0000006572100000)]
  0x00000215564f5460 JavaThread "C2 CompilerThread0" daemon [_thread_blocked, id=20304, stack(0x0000006572100000,0x0000006572200000)]
  0x000002155650c420 JavaThread "C1 CompilerThread0" daemon [_thread_blocked, id=22132, stack(0x0000006572200000,0x0000006572300000)]
  0x0000021556510220 JavaThread "Sweeper thread" daemon [_thread_blocked, id=11744, stack(0x0000006572300000,0x0000006572400000)]
  0x000002155666dfd0 JavaThread "Notification Thread" daemon [_thread_blocked, id=18676, stack(0x0000006572400000,0x0000006572500000)]
  0x0000021556678520 JavaThread "Common-Cleaner" daemon [_thread_blocked, id=588, stack(0x0000006572600000,0x0000006572700000)]
  0x000002155b97c5c0 JavaThread "C2 CompilerThread1" daemon [_thread_in_native, id=8780, stack(0x0000006573100000,0x0000006573200000)]

Other Threads:
=>0x00000215564987c0 VMThread "VM Thread" [stack: 0x0000006571a00000,0x0000006571b00000] [id=16184]
  0x00000215376c3e30 WatcherThread [stack: 0x0000006572500000,0x0000006572600000] [id=19272]
  0x00000215376abb20 GCTaskThread "GC Thread#0" [stack: 0x0000006571500000,0x0000006571600000] [id=2864]
  0x000002155b2eafe0 GCTaskThread "GC Thread#1" [stack: 0x0000006572700000,0x0000006572800000] [id=14100]
  0x000002155b2eb290 GCTaskThread "GC Thread#2" [stack: 0x0000006572800000,0x0000006572900000] [id=5168]
  0x000002155b2eb540 GCTaskThread "GC Thread#3" [stack: 0x0000006572900000,0x0000006572a00000] [id=22776]
  0x000002155b2eb7f0 GCTaskThread "GC Thread#4" [stack: 0x0000006572a00000,0x0000006572b00000] [id=9640]
  0x000002155b2ebaa0 GCTaskThread "GC Thread#5" [stack: 0x0000006572b00000,0x0000006572c00000] [id=10740]
  0x000002155b56b890 GCTaskThread "GC Thread#6" [stack: 0x0000006572c00000,0x0000006572d00000] [id=21584]
  0x000002155b56bdf0 GCTaskThread "GC Thread#7" [stack: 0x0000006572d00000,0x0000006572e00000] [id=22596]
  0x000002155b56a870 GCTaskThread "GC Thread#8" [stack: 0x0000006572e00000,0x0000006572f00000] [id=22996]
  0x000002155b56add0 GCTaskThread "GC Thread#9" [stack: 0x0000006573200000,0x0000006573300000] [id=13668]
  0x00000215376bc700 ConcurrentGCThread "G1 Main Marker" [stack: 0x0000006571600000,0x0000006571700000] [id=23180]
  0x00000215376bd110 ConcurrentGCThread "G1 Conc#0" [stack: 0x0000006571700000,0x0000006571800000] [id=4328]
  0x000002155b56c0a0 ConcurrentGCThread "G1 Conc#1" [stack: 0x0000006572f00000,0x0000006573000000] [id=5116]
  0x000002155b56c350 ConcurrentGCThread "G1 Conc#2" [stack: 0x0000006573000000,0x0000006573100000] [id=15956]
  0x00000215376fe380 ConcurrentGCThread "G1 Refine#0" [stack: 0x0000006571800000,0x0000006571900000] [id=336]
  0x00000215561ce140 ConcurrentGCThread "G1 Service" [stack: 0x0000006571900000,0x0000006571a00000] [id=20164]

Threads with active compile tasks:
C2 CompilerThread1     6761 2469       4       jdk.internal.org.objectweb.asm.Frame::execute (2305 bytes)

VM state: at safepoint (normal execution)

VM Mutex/Monitor currently owned by a thread:  ([mutex/lock_event])
[0x0000021537638220] Threads_lock - owner thread: 0x00000215564987c0
[0x0000021537637530] Heap_lock - owner thread: 0x000002153763cc00

Heap address: 0x0000000703600000, size: 4042 MB, Compressed Oops mode: Zero based, Oop shift amount: 3

CDS archive(s) not mapped
Compressed class space mapped at: 0x0000000800000000-0x0000000840000000, reserved size: 1073741824
Narrow klass base: 0x0000000800000000, Narrow klass shift: 0, Narrow klass range: 0x40000000

GC Precious Log:
 CPUs: 12 total, 12 available
 Memory: 16163M
 Large Page Support: Disabled
 NUMA Support: Disabled
 Compressed Oops: Enabled (Zero based)
 Heap Region Size: 2M
 Heap Min Capacity: 8M
 Heap Initial Capacity: 254M
 Heap Max Capacity: 4042M
 Pre-touch: Disabled
 Parallel Workers: 10
 Concurrent Workers: 3
 Concurrent Refinement Workers: 10
 Periodic GC: Disabled

Heap:
 garbage-first heap   total 40960K, used 17080K [0x0000000703600000, 0x0000000800000000)
  region size 2048K, 1 young (2048K), 1 survivors (2048K)
 Metaspace       used 38568K, committed 38848K, reserved 1114112K
  class space    used 4800K, committed 4928K, reserved 1048576K

Heap Regions: E=young(eden), S=young(survivor), O=old, HS=humongous(starts), HC=humongous(continues), CS=collection set, F=free, OA=open archive, CA=closed archive, TAMS=top-at-mark-start (previous, next)
|   0|0x0000000703600000, 0x0000000703800000, 0x0000000703800000|100%|HS|  |TAMS 0x0000000703800000, 0x0000000703600000| Complete 
|   1|0x0000000703800000, 0x0000000703a00000, 0x0000000703a00000|100%|HC|  |TAMS 0x0000000703a00000, 0x0000000703800000| Complete 
|   2|0x0000000703a00000, 0x0000000703c00000, 0x0000000703c00000|100%| O|  |TAMS 0x0000000703a00000, 0x0000000703a00000| Untracked 
|   3|0x0000000703c00000, 0x0000000703e00000, 0x0000000703e00000|100%| O|  |TAMS 0x0000000703e00000, 0x0000000703c00000| Untracked 
|   4|0x0000000703e00000, 0x0000000703e00000, 0x0000000704000000|  0%| F|  |TAMS 0x0000000703e00000, 0x0000000703e00000| Untracked 
|   5|0x0000000704000000, 0x0000000704200000, 0x0000000704200000|100%| O|  |TAMS 0x0000000704000000, 0x0000000704000000| Untracked 
|   6|0x0000000704200000, 0x0000000704400000, 0x0000000704400000|100%| O|  |TAMS 0x0000000704400000, 0x0000000704200000| Untracked 
|   7|0x0000000704400000, 0x0000000704600000, 0x0000000704600000|100%| O|  |TAMS 0x0000000704600000, 0x0000000704400000| Untracked 
|   8|0x0000000704600000, 0x0000000704800000, 0x0000000704800000|100%| O|  |TAMS 0x0000000704800000, 0x0000000704600000| Untracked 
|   9|0x0000000704800000, 0x0000000704860800, 0x0000000704a00000| 18%| O|  |TAMS 0x0000000704800000, 0x0000000704800000| Untracked 
|  10|0x0000000704a00000, 0x0000000704a00000, 0x0000000704c00000|  0%| F|  |TAMS 0x0000000704a00000, 0x0000000704a00000| Untracked 
|  11|0x0000000704c00000, 0x0000000704c00000, 0x0000000704e00000|  0%| F|  |TAMS 0x0000000704c00000, 0x0000000704c00000| Untracked 
|  12|0x0000000704e00000, 0x0000000704e00000, 0x0000000705000000|  0%| F|  |TAMS 0x0000000704e00000, 0x0000000704e00000| Untracked 
|  13|0x0000000705000000, 0x0000000705000000, 0x0000000705200000|  0%| F|  |TAMS 0x0000000705000000, 0x0000000705000000| Untracked 
|  14|0x0000000705200000, 0x0000000705200000, 0x0000000705400000|  0%| F|  |TAMS 0x0000000705200000, 0x0000000705200000| Untracked 
|  15|0x0000000705400000, 0x0000000705400000, 0x0000000705600000|  0%| F|  |TAMS 0x0000000705400000, 0x0000000705400000| Untracked 
| 104|0x0000000710600000, 0x0000000710600000, 0x0000000710800000|  0%| F|  |TAMS 0x0000000710600000, 0x0000000710600000| Untracked 
| 105|0x0000000710800000, 0x0000000710800000, 0x0000000710a00000|  0%| F|  |TAMS 0x0000000710800000, 0x0000000710800000| Untracked 
| 106|0x0000000710a00000, 0x0000000710a4dbd0, 0x0000000710c00000| 15%| S|CS|TAMS 0x0000000710a00000, 0x0000000710a00000| Complete 
| 126|0x0000000713200000, 0x0000000713200000, 0x0000000713400000|  0%| F|  |TAMS 0x0000000713200000, 0x0000000713200000| Untracked 

Card table byte_map: [0x000002154a850000,0x000002154b040000] _byte_map_base: 0x0000021547035000

Marking Bits (Prev, Next): (CMBitMap*) 0x00000215376ac140, (CMBitMap*) 0x00000215376ac180
 Prev Bits: [0x000002154b830000, 0x000002154f758000)
 Next Bits: [0x000002154f760000, 0x0000021553688000)

Polling page: 0x0000021536e00000

Metaspace:

Usage:
  Non-class:     32.98 MB used.
      Class:      4.69 MB used.
       Both:     37.66 MB used.

Virtual space:
  Non-class space:       64.00 MB reserved,      33.12 MB ( 52%) committed,  1 nodes.
      Class space:        1.00 GB reserved,       4.81 MB ( <1%) committed,  1 nodes.
             Both:        1.06 GB reserved,      37.94 MB (  3%) committed. 

Chunk freelists:
   Non-Class:  14.73 MB
       Class:  11.17 MB
        Both:  25.91 MB

MaxMetaspaceSize: unlimited
CompressedClassSpaceSize: 1.00 GB
Initial GC threshold: 21.00 MB
Current GC threshold: 58.75 MB
CDS: off
MetaspaceReclaimPolicy: balanced
 - commit_granule_bytes: 65536.
 - commit_granule_words: 8192.
 - virtual_space_node_default_size: 8388608.
 - enlarge_chunks_in_place: 1.
 - new_chunks_are_fully_committed: 0.
 - uncommit_free_chunks: 1.
 - use_allocation_guard: 0.
 - handle_deallocations: 1.


Internal statistics:

num_allocs_failed_limit: 6.
num_arena_births: 148.
num_arena_deaths: 0.
num_vsnodes_births: 2.
num_vsnodes_deaths: 0.
num_space_committed: 606.
num_space_uncommitted: 0.
num_chunks_returned_to_freelist: 6.
num_chunks_taken_from_freelist: 1198.
num_chunk_merges: 3.
num_chunk_splits: 999.
num_chunks_enlarged: 897.
num_inconsistent_stats: 0.

CodeHeap 'non-profiled nmethods': size=120000Kb used=1025Kb max_used=1025Kb free=118974Kb
 bounds [0x00000215425e0000, 0x0000021542850000, 0x0000021549b10000]
CodeHeap 'profiled nmethods': size=120000Kb used=4719Kb max_used=4719Kb free=115280Kb
 bounds [0x000002153ab10000, 0x000002153afb0000, 0x0000021542040000]
CodeHeap 'non-nmethods': size=5760Kb used=1255Kb max_used=1282Kb free=4504Kb
 bounds [0x0000021542040000, 0x00000215422b0000, 0x00000215425e0000]
 total_blobs=3043 nmethods=2489 adapters=466
 compilation: enabled
              stopped_count=0, restarted_count=0
 full_count=0

Compilation events (20 events):
Event: 6.574 Thread 0x00000215564f5460 2494       4       java.lang.reflect.Method::copy (84 bytes)
Event: 6.575 Thread 0x000002155650c420 2495       3       org.jetbrains.kotlin.container.CacheKt::getConstructorInfo (258 bytes)
Event: 6.582 Thread 0x00000215564f5460 nmethod 2494 0x00000215426df910 code [0x00000215426dfaa0, 0x00000215426dfd98]
Event: 6.584 Thread 0x000002155650c420 nmethod 2495 0x000002153af9ea10 code [0x000002153af9f2a0, 0x000002153afa4978]
Event: 6.584 Thread 0x000002155650c420 2496       3       org.jetbrains.kotlin.container.CacheKt::getRegistrations (115 bytes)
Event: 6.585 Thread 0x000002155650c420 nmethod 2496 0x000002153afa6610 code [0x000002153afa68a0, 0x000002153afa7328]
Event: 6.585 Thread 0x000002155650c420 2497       3       kotlin.collections.CollectionsKt__MutableCollectionsKt::addAll (56 bytes)
Event: 6.586 Thread 0x000002155650c420 nmethod 2497 0x000002153afa7690 code [0x000002153afa7960, 0x000002153afa8838]
Event: 6.643 Thread 0x000002155650c420 2498       3       java.util.ArrayList::fastRemove (44 bytes)
Event: 6.643 Thread 0x000002155650c420 nmethod 2498 0x000002153afa8d10 code [0x000002153afa8ec0, 0x000002153afa92c8]
Event: 6.650 Thread 0x000002155650c420 2499       3       java.lang.Class::getMethods (26 bytes)
Event: 6.651 Thread 0x000002155650c420 nmethod 2499 0x000002153afa9410 code [0x000002153afa9600, 0x000002153afa9918]
Event: 6.687 Thread 0x00000215564f5460 2500       4       java.lang.Object::equals (11 bytes)
Event: 6.687 Thread 0x00000215564f5460 nmethod 2500 0x00000215426dfe90 code [0x00000215426e0000, 0x00000215426e0098]
Event: 6.691 Thread 0x000002155650c420 2501       3       java.lang.Class$Atomic::casAnnotationData (13 bytes)
Event: 6.692 Thread 0x000002155650c420 nmethod 2501 0x000002153afa9a90 code [0x000002153afa9c20, 0x000002153afa9d78]
Event: 6.701 Thread 0x000002155650c420 2502       1       sun.reflect.generics.repository.AbstractRepository::getFactory (5 bytes)
Event: 6.701 Thread 0x000002155650c420 nmethod 2502 0x00000215426e0190 code [0x00000215426e0320, 0x00000215426e03f8]
Event: 6.702 Thread 0x000002155650c420 2503       3       java.lang.Class::createAnnotationData (195 bytes)
Event: 6.703 Thread 0x000002155650c420 nmethod 2503 0x000002153afa9e10 code [0x000002153afaa180, 0x000002153afab778]

GC Heap History (15 events):
Event: 1.601 GC heap before
{Heap before GC invocations=0 (full 0):
 garbage-first heap   total 260096K, used 24576K [0x0000000703600000, 0x0000000800000000)
  region size 2048K, 11 young (22528K), 0 survivors (0K)
 Metaspace       used 12894K, committed 12992K, reserved 1114112K
  class space    used 1232K, committed 1280K, reserved 1048576K
}
Event: 1.611 GC heap after
{Heap after GC invocations=1 (full 0):
 garbage-first heap   total 260096K, used 6578K [0x0000000703600000, 0x0000000800000000)
  region size 2048K, 2 young (4096K), 2 survivors (4096K)
 Metaspace       used 12894K, committed 12992K, reserved 1114112K
  class space    used 1232K, committed 1280K, reserved 1048576K
}
Event: 3.316 GC heap before
{Heap before GC invocations=1 (full 0):
 garbage-first heap   total 260096K, used 39346K [0x0000000703600000, 0x0000000800000000)
  region size 2048K, 20 young (40960K), 2 survivors (4096K)
 Metaspace       used 21339K, committed 21504K, reserved 1114112K
  class space    used 2328K, committed 2432K, reserved 1048576K
}
Event: 3.321 GC heap after
{Heap after GC invocations=2 (full 0):
 garbage-first heap   total 260096K, used 8402K [0x0000000703600000, 0x0000000800000000)
  region size 2048K, 3 young (6144K), 3 survivors (6144K)
 Metaspace       used 21339K, committed 21504K, reserved 1114112K
  class space    used 2328K, committed 2432K, reserved 1048576K
}
Event: 4.597 GC heap before
{Heap before GC invocations=3 (full 0):
 garbage-first heap   total 40960K, used 28882K [0x0000000703600000, 0x0000000800000000)
  region size 2048K, 14 young (28672K), 3 survivors (6144K)
 Metaspace       used 28809K, committed 28992K, reserved 1114112K
  class space    used 3576K, committed 3648K, reserved 1048576K
}
Event: 4.608 GC heap after
{Heap after GC invocations=4 (full 0):
 garbage-first heap   total 40960K, used 9440K [0x0000000703600000, 0x0000000800000000)
  region size 2048K, 3 young (6144K), 3 survivors (6144K)
 Metaspace       used 28809K, committed 28992K, reserved 1114112K
  class space    used 3576K, committed 3648K, reserved 1048576K
}
Event: 5.313 GC heap before
{Heap before GC invocations=4 (full 0):
 garbage-first heap   total 40960K, used 29920K [0x0000000703600000, 0x0000000800000000)
  region size 2048K, 12 young (24576K), 3 survivors (6144K)
 Metaspace       used 31488K, committed 31680K, reserved 1114112K
  class space    used 4057K, committed 4160K, reserved 1048576K
}
Event: 5.329 GC heap after
{Heap after GC invocations=5 (full 0):
 garbage-first heap   total 40960K, used 15001K [0x0000000703600000, 0x0000000800000000)
  region size 2048K, 2 young (4096K), 2 survivors (4096K)
 Metaspace       used 31488K, committed 31680K, reserved 1114112K
  class space    used 4057K, committed 4160K, reserved 1048576K
}
Event: 6.085 GC heap before
{Heap before GC invocations=5 (full 0):
 garbage-first heap   total 40960K, used 29337K [0x0000000703600000, 0x0000000800000000)
  region size 2048K, 9 young (18432K), 2 survivors (4096K)
 Metaspace       used 34845K, committed 35072K, reserved 1114112K
  class space    used 4431K, committed 4544K, reserved 1048576K
}
Event: 6.097 GC heap after
{Heap after GC invocations=6 (full 0):
 garbage-first heap   total 40960K, used 15109K [0x0000000703600000, 0x0000000800000000)
  region size 2048K, 1 young (2048K), 1 survivors (2048K)
 Metaspace       used 34845K, committed 35072K, reserved 1114112K
  class space    used 4431K, committed 4544K, reserved 1048576K
}
Event: 6.229 GC heap before
{Heap before GC invocations=6 (full 0):
 garbage-first heap   total 40960K, used 19205K [0x0000000703600000, 0x0000000800000000)
  region size 2048K, 4 young (8192K), 1 survivors (2048K)
 Metaspace       used 35763K, committed 35968K, reserved 1114112K
  class space    used 4536K, committed 4672K, reserved 1048576K
}
Event: 6.235 GC heap after
{Heap after GC invocations=7 (full 0):
 garbage-first heap   total 40960K, used 16340K [0x0000000703600000, 0x0000000800000000)
  region size 2048K, 1 young (2048K), 1 survivors (2048K)
 Metaspace       used 35763K, committed 35968K, reserved 1114112K
  class space    used 4536K, committed 4672K, reserved 1048576K
}
Event: 6.651 GC heap before
{Heap before GC invocations=8 (full 0):
 garbage-first heap   total 40960K, used 26580K [0x0000000703600000, 0x0000000800000000)
  region size 2048K, 7 young (14336K), 1 survivors (2048K)
 Metaspace       used 38094K, committed 38336K, reserved 1114112K
  class space    used 4774K, committed 4864K, reserved 1048576K
}
Event: 6.657 GC heap after
{Heap after GC invocations=9 (full 0):
 garbage-first heap   total 40960K, used 17249K [0x0000000703600000, 0x0000000800000000)
  region size 2048K, 1 young (2048K), 1 survivors (2048K)
 Metaspace       used 38094K, committed 38336K, reserved 1114112K
  class space    used 4774K, committed 4864K, reserved 1048576K
}
Event: 6.727 GC heap before
{Heap before GC invocations=9 (full 0):
 garbage-first heap   total 40960K, used 19297K [0x0000000703600000, 0x0000000800000000)
  region size 2048K, 2 young (4096K), 1 survivors (2048K)
 Metaspace       used 38568K, committed 38848K, reserved 1114112K
  class space    used 4800K, committed 4928K, reserved 1048576K
}

Dll operation events (2 events):
Event: 0.011 Loaded shared library C:\Program Files\Android\Android Studio\jbr\bin\java.dll
Event: 4.046 Loaded shared library C:\Program Files\Android\Android Studio\jbr\bin\verify.dll

Deoptimization events (20 events):
Event: 6.154 Thread 0x000002153763cc00 Uncommon trap: trap_request=0xffffffc6 fr.pc=0x00000215426430f4 relative=0x0000000000000b54
Event: 6.154 Thread 0x000002153763cc00 Uncommon trap: reason=bimorphic_or_optimized_type_check action=maybe_recompile pc=0x00000215426430f4 method=java.util.HashMap.putVal(ILjava/lang/Object;Ljava/lang/Object;ZZ)Ljava/lang/Object; @ 91 c2
Event: 6.154 Thread 0x000002153763cc00 DEOPT PACKING pc=0x00000215426430f4 sp=0x00000065714fad30
Event: 6.154 Thread 0x000002153763cc00 DEOPT UNPACKING pc=0x000002154209a1a3 sp=0x00000065714fac50 mode 2
Event: 6.154 Thread 0x000002153763cc00 Uncommon trap: trap_request=0xffffffc6 fr.pc=0x00000215426430f4 relative=0x0000000000000b54
Event: 6.154 Thread 0x000002153763cc00 Uncommon trap: reason=bimorphic_or_optimized_type_check action=maybe_recompile pc=0x00000215426430f4 method=java.util.HashMap.putVal(ILjava/lang/Object;Ljava/lang/Object;ZZ)Ljava/lang/Object; @ 91 c2
Event: 6.154 Thread 0x000002153763cc00 DEOPT PACKING pc=0x00000215426430f4 sp=0x00000065714fad30
Event: 6.154 Thread 0x000002153763cc00 DEOPT UNPACKING pc=0x000002154209a1a3 sp=0x00000065714fac50 mode 2
Event: 6.154 Thread 0x000002153763cc00 Uncommon trap: trap_request=0xffffffc6 fr.pc=0x00000215426430f4 relative=0x0000000000000b54
Event: 6.154 Thread 0x000002153763cc00 Uncommon trap: reason=bimorphic_or_optimized_type_check action=maybe_recompile pc=0x00000215426430f4 method=java.util.HashMap.putVal(ILjava/lang/Object;Ljava/lang/Object;ZZ)Ljava/lang/Object; @ 91 c2
Event: 6.154 Thread 0x000002153763cc00 DEOPT PACKING pc=0x00000215426430f4 sp=0x00000065714fad30
Event: 6.154 Thread 0x000002153763cc00 DEOPT UNPACKING pc=0x000002154209a1a3 sp=0x00000065714fac50 mode 2
Event: 6.154 Thread 0x000002153763cc00 Uncommon trap: trap_request=0xffffffc6 fr.pc=0x00000215426430f4 relative=0x0000000000000b54
Event: 6.154 Thread 0x000002153763cc00 Uncommon trap: reason=bimorphic_or_optimized_type_check action=maybe_recompile pc=0x00000215426430f4 method=java.util.HashMap.putVal(ILjava/lang/Object;Ljava/lang/Object;ZZ)Ljava/lang/Object; @ 91 c2
Event: 6.154 Thread 0x000002153763cc00 DEOPT PACKING pc=0x00000215426430f4 sp=0x00000065714fad30
Event: 6.154 Thread 0x000002153763cc00 DEOPT UNPACKING pc=0x000002154209a1a3 sp=0x00000065714fac50 mode 2
Event: 6.154 Thread 0x000002153763cc00 Uncommon trap: trap_request=0xffffffc6 fr.pc=0x0000021542644948 relative=0x0000000000000aa8
Event: 6.154 Thread 0x000002153763cc00 Uncommon trap: reason=bimorphic_or_optimized_type_check action=maybe_recompile pc=0x0000021542644948 method=java.util.HashMap.putVal(ILjava/lang/Object;Ljava/lang/Object;ZZ)Ljava/lang/Object; @ 91 c2
Event: 6.154 Thread 0x000002153763cc00 DEOPT PACKING pc=0x0000021542644948 sp=0x00000065714fac80
Event: 6.154 Thread 0x000002153763cc00 DEOPT UNPACKING pc=0x000002154209a1a3 sp=0x00000065714fac40 mode 2

Classes unloaded (0 events):
No events

Classes redefined (0 events):
No events

Internal exceptions (20 events):
Event: 3.391 Thread 0x000002153763cc00 Exception <a 'java/lang/NoSuchMethodError'{0x00000007054cb630}: 'int java.lang.invoke.DirectMethodHandle$Holder.invokeSpecial(java.lang.Object, java.lang.Object, java.lang.Object)'> (0x00000007054cb630) 
thrown [s\src\hotspot\share\interpreter\linkResolver.cpp, line 771]
Event: 3.392 Thread 0x000002153763cc00 Exception <a 'java/lang/NoSuchMethodError'{0x00000007054cf320}: 'int java.lang.invoke.DirectMethodHandle$Holder.invokeSpecial(java.lang.Object, java.lang.Object, java.lang.Object, java.lang.Object)'> (0x00000007054cf320) 
thrown [s\src\hotspot\share\interpreter\linkResolver.cpp, line 771]
Event: 3.392 Thread 0x000002153763cc00 Exception <a 'java/lang/NoSuchMethodError'{0x00000007054d2988}: 'int java.lang.invoke.Invokers$Holder.invoke_MT(java.lang.Object, java.lang.Object, java.lang.Object, java.lang.Object)'> (0x00000007054d2988) 
thrown [s\src\hotspot\share\interpreter\linkResolver.cpp, line 771]
Event: 3.394 Thread 0x000002153763cc00 Exception <a 'java/lang/NoSuchMethodError'{0x00000007054e1f10}: 'void java.lang.invoke.DelegatingMethodHandle$Holder.reinvoke_L(java.lang.Object, java.lang.Object, java.lang.Object, long, java.lang.Object)'> (0x00000007054e1f10) 
thrown [s\src\hotspot\share\interpreter\linkResolver.cpp, line 771]
Event: 3.395 Thread 0x000002153763cc00 Exception <a 'java/lang/NoSuchMethodError'{0x00000007054e9b48}: 'java.lang.Object java.lang.invoke.DirectMethodHandle$Holder.invokeSpecial(java.lang.Object, java.lang.Object, java.lang.Object, java.lang.Object, long)'> (0x00000007054e9b48) 
thrown [s\src\hotspot\share\interpreter\linkResolver.cpp, line 771]
Event: 3.397 Thread 0x000002153763cc00 Exception <a 'java/lang/NoSuchMethodError'{0x00000007054f8f08}: 'int java.lang.invoke.DelegatingMethodHandle$Holder.reinvoke_L(java.lang.Object, java.lang.Object, java.lang.Object, long, java.lang.Object, java.lang.Object)'> (0x00000007054f8f08) 
thrown [s\src\hotspot\share\interpreter\linkResolver.cpp, line 771]
Event: 3.400 Thread 0x000002153763cc00 Exception <a 'java/lang/NoSuchMethodError'{0x0000000705507cf0}: 'int java.lang.invoke.DelegatingMethodHandle$Holder.reinvoke_L(java.lang.Object, java.lang.Object, java.lang.Object, long, int, int)'> (0x0000000705507cf0) 
thrown [s\src\hotspot\share\interpreter\linkResolver.cpp, line 771]
Event: 3.403 Thread 0x000002153763cc00 Exception <a 'java/lang/NoSuchMethodError'{0x0000000705516750}: 'int java.lang.invoke.DelegatingMethodHandle$Holder.reinvoke_L(java.lang.Object, java.lang.Object, java.lang.Object, long, long, long)'> (0x0000000705516750) 
thrown [s\src\hotspot\share\interpreter\linkResolver.cpp, line 771]
Event: 3.406 Thread 0x000002153763cc00 Exception <a 'java/lang/NoSuchMethodError'{0x0000000705524d68}: 'int java.lang.invoke.DelegatingMethodHandle$Holder.reinvoke_L(java.lang.Object, java.lang.Object, java.lang.Object, long, int)'> (0x0000000705524d68) 
thrown [s\src\hotspot\share\interpreter\linkResolver.cpp, line 771]
Event: 3.431 Thread 0x000002153763cc00 Exception <a 'java/lang/NoSuchMethodError'{0x00000007055cc2c0}: 'int java.lang.invoke.DirectMethodHandle$Holder.invokeStaticInit(java.lang.Object, java.lang.Object, java.lang.Object)'> (0x00000007055cc2c0) 
thrown [s\src\hotspot\share\interpreter\linkResolver.cpp, line 771]
Event: 3.447 Thread 0x000002153763cc00 Exception <a 'java/lang/NoSuchMethodError'{0x00000007055f4198}: 'int java.lang.invoke.DirectMethodHandle$Holder.invokeStaticInit(java.lang.Object, java.lang.Object)'> (0x00000007055f4198) 
thrown [s\src\hotspot\share\interpreter\linkResolver.cpp, line 771]
Event: 3.511 Thread 0x000002153763cc00 Exception <a 'java/lang/NoSuchMethodError'{0x00000007052d2d68}: 'void java.lang.invoke.DirectMethodHandle$Holder.invokeSpecial(java.lang.Object, java.lang.Object, java.lang.Object)'> (0x00000007052d2d68) 
thrown [s\src\hotspot\share\interpreter\linkResolver.cpp, line 771]
Event: 3.739 Thread 0x000002153763cc00 Exception <a 'java/lang/NoSuchMethodError'{0x00000007051f7a70}: 'void java.lang.invoke.DirectMethodHandle$Holder.invokeStatic(java.lang.Object, java.lang.Object, java.lang.Object, java.lang.Object)'> (0x00000007051f7a70) 
thrown [s\src\hotspot\share\interpreter\linkResolver.cpp, line 771]
Event: 3.893 Thread 0x000002153763cc00 Exception <a 'java/lang/NoSuchMethodError'{0x0000000704db8cc8}: 'void java.lang.invoke.DirectMethodHandle$Holder.invokeStaticInit(java.lang.Object, java.lang.Object)'> (0x0000000704db8cc8) 
thrown [s\src\hotspot\share\interpreter\linkResolver.cpp, line 771]
Event: 4.209 Thread 0x000002153763cc00 Exception <a 'java/lang/NoSuchMethodError'{0x00000007046a46c8}: 'void java.lang.invoke.DirectMethodHandle$Holder.invokeVirtual(java.lang.Object, java.lang.Object)'> (0x00000007046a46c8) 
thrown [s\src\hotspot\share\interpreter\linkResolver.cpp, line 771]
Event: 4.225 Thread 0x000002153763cc00 Exception <a 'java/lang/NoSuchMethodError'{0x00000007046efc70}: 'int java.lang.invoke.DirectMethodHandle$Holder.invokeVirtual(java.lang.Object, java.lang.Object)'> (0x00000007046efc70) 
thrown [s\src\hotspot\share\interpreter\linkResolver.cpp, line 771]
Event: 4.268 Thread 0x000002153763cc00 Exception <a 'java/lang/NoSuchMethodError'{0x00000007047878f0}: 'java.lang.Object java.lang.invoke.Invokers$Holder.invokeExact_MT(java.lang.Object, java.lang.Object, java.lang.Object, java.lang.Object, java.lang.Object, java.lang.Object)'> (0x00000007047878f0) 
thrown [s\src\hotspot\share\interpreter\linkResolver.cpp, line 771]
Event: 5.312 Thread 0x000002153763cc00 Implicit null exception at 0x00000215425f85f2 to 0x00000215425f8c44
Event: 5.654 Thread 0x000002153763cc00 Implicit null exception at 0x00000215425f9772 to 0x00000215425f9dd8
Event: 5.799 Thread 0x000002153763cc00 Exception <a 'java/lang/NoSuchMethodError'{0x000000070557c738}: 'java.lang.Object java.lang.invoke.DirectMethodHandle$Holder.invokeVirtual(java.lang.Object, java.lang.Object, java.lang.Object)'> (0x000000070557c738) 
thrown [s\src\hotspot\share\interpreter\linkResolver.cpp, line 771]

VM Operations (20 events):
Event: 4.845 Executing VM operation: HandshakeAllThreads done
Event: 4.847 Executing VM operation: HandshakeAllThreads
Event: 4.847 Executing VM operation: HandshakeAllThreads done
Event: 4.850 Executing VM operation: HandshakeAllThreads
Event: 4.850 Executing VM operation: HandshakeAllThreads done
Event: 5.313 Executing VM operation: G1CollectForAllocation
Event: 5.330 Executing VM operation: G1CollectForAllocation done
Event: 6.084 Executing VM operation: G1CollectForAllocation
Event: 6.097 Executing VM operation: G1CollectForAllocation done
Event: 6.229 Executing VM operation: CollectForMetadataAllocation
Event: 6.236 Executing VM operation: CollectForMetadataAllocation done
Event: 6.245 Executing VM operation: G1Concurrent
Event: 6.249 Executing VM operation: G1Concurrent done
Event: 6.254 Executing VM operation: G1Concurrent
Event: 6.265 Executing VM operation: G1Concurrent done
Event: 6.641 Executing VM operation: HandshakeAllThreads
Event: 6.642 Executing VM operation: HandshakeAllThreads done
Event: 6.651 Executing VM operation: G1CollectForAllocation
Event: 6.658 Executing VM operation: G1CollectForAllocation done
Event: 6.726 Executing VM operation: G1CollectForAllocation

Events (20 events):
Event: 6.341 loading class sun/reflect/generics/repository/ConstructorRepository
Event: 6.341 loading class sun/reflect/generics/repository/ConstructorRepository done
Event: 6.341 loading class sun/reflect/generics/tree/BottomSignature
Event: 6.341 loading class sun/reflect/generics/tree/BottomSignature done
Event: 6.341 loading class sun/reflect/generics/tree/Wildcard
Event: 6.341 loading class sun/reflect/generics/tree/Wildcard done
Event: 6.341 loading class sun/reflect/generics/tree/VoidDescriptor
Event: 6.341 loading class sun/reflect/generics/tree/VoidDescriptor done
Event: 6.341 loading class sun/reflect/generics/tree/MethodTypeSignature
Event: 6.341 loading class sun/reflect/generics/tree/MethodTypeSignature done
Event: 6.342 loading class sun/reflect/generics/reflectiveObjects/WildcardTypeImpl
Event: 6.342 loading class java/lang/reflect/WildcardType
Event: 6.342 loading class java/lang/reflect/WildcardType done
Event: 6.342 loading class sun/reflect/generics/reflectiveObjects/WildcardTypeImpl done
Event: 6.469 loading class java/lang/TypeNotPresentException
Event: 6.469 loading class java/lang/TypeNotPresentException done
Event: 6.640 loading class sun/reflect/generics/scope/MethodScope
Event: 6.640 loading class sun/reflect/generics/scope/MethodScope done
Event: 6.640 loading class sun/reflect/generics/repository/MethodRepository
Event: 6.640 loading class sun/reflect/generics/repository/MethodRepository done


Dynamic libraries:
0x00007ff67fb90000 - 0x00007ff67fb9a000 	C:\Program Files\Android\Android Studio\jbr\bin\java.exe
0x00007ffe9cfb0000 - 0x00007ffe9d1c7000 	C:\WINDOWS\SYSTEM32\ntdll.dll
0x00007ffe9c110000 - 0x00007ffe9c1d4000 	C:\WINDOWS\System32\KERNEL32.DLL
0x00007ffe9a7e0000 - 0x00007ffe9ab87000 	C:\WINDOWS\System32\KERNELBASE.dll
0x00007ffe9a500000 - 0x00007ffe9a611000 	C:\WINDOWS\System32\ucrtbase.dll
0x00007ffe86890000 - 0x00007ffe868a7000 	C:\Program Files\Android\Android Studio\jbr\bin\jli.dll
0x00007ffe877b0000 - 0x00007ffe877cb000 	C:\Program Files\Android\Android Studio\jbr\bin\VCRUNTIME140.dll
0x00007ffe9cb50000 - 0x00007ffe9ccfe000 	C:\WINDOWS\System32\USER32.dll
0x00007ffe77b70000 - 0x00007ffe77e03000 	C:\WINDOWS\WinSxS\amd64_microsoft.windows.common-controls_6595b64144ccf1df_6.0.22621.3527_none_270e469b73872a76\COMCTL32.dll
0x00007ffe9a620000 - 0x00007ffe9a646000 	C:\WINDOWS\System32\win32u.dll
0x00007ffe9aee0000 - 0x00007ffe9af87000 	C:\WINDOWS\System32\msvcrt.dll
0x00007ffe9af90000 - 0x00007ffe9afb9000 	C:\WINDOWS\System32\GDI32.dll
0x00007ffe9a6c0000 - 0x00007ffe9a7d9000 	C:\WINDOWS\System32\gdi32full.dll
0x00007ffe9ab90000 - 0x00007ffe9ac2a000 	C:\WINDOWS\System32\msvcp_win.dll
0x00007ffe9cd80000 - 0x00007ffe9cdb1000 	C:\WINDOWS\System32\IMM32.DLL
0x00007ffe865e0000 - 0x00007ffe865ec000 	C:\Program Files\Android\Android Studio\jbr\bin\vcruntime140_1.dll
0x00007ffe438a0000 - 0x00007ffe4392d000 	C:\Program Files\Android\Android Studio\jbr\bin\msvcp140.dll
0x00007ffe08510000 - 0x00007ffe09190000 	C:\Program Files\Android\Android Studio\jbr\bin\server\jvm.dll
0x00007ffe9c3f0000 - 0x00007ffe9c4a2000 	C:\WINDOWS\System32\ADVAPI32.dll
0x00007ffe9bd20000 - 0x00007ffe9bdc8000 	C:\WINDOWS\System32\sechost.dll
0x00007ffe9acb0000 - 0x00007ffe9acd8000 	C:\WINDOWS\System32\bcrypt.dll
0x00007ffe9bf50000 - 0x00007ffe9c065000 	C:\WINDOWS\System32\RPCRT4.dll
0x00007ffe88e10000 - 0x00007ffe88e19000 	C:\WINDOWS\SYSTEM32\WSOCK32.dll
0x00007ffe9c070000 - 0x00007ffe9c0e1000 	C:\WINDOWS\System32\WS2_32.dll
0x00007ffe90cf0000 - 0x00007ffe90cfa000 	C:\WINDOWS\SYSTEM32\VERSION.dll
0x00007ffe94320000 - 0x00007ffe94354000 	C:\WINDOWS\SYSTEM32\WINMM.dll
0x00007ffe99380000 - 0x00007ffe99398000 	C:\WINDOWS\SYSTEM32\kernel.appcore.dll
0x00007ffe94760000 - 0x00007ffe9476a000 	C:\Program Files\Android\Android Studio\jbr\bin\jimage.dll
0x00007ffe97bb0000 - 0x00007ffe97de2000 	C:\WINDOWS\SYSTEM32\DBGHELP.DLL
0x00007ffe9b890000 - 0x00007ffe9bc18000 	C:\WINDOWS\System32\combase.dll
0x00007ffe9c1e0000 - 0x00007ffe9c2b7000 	C:\WINDOWS\System32\OLEAUT32.dll
0x00007ffe7dd60000 - 0x00007ffe7dd92000 	C:\WINDOWS\SYSTEM32\dbgcore.DLL
0x00007ffe9ac30000 - 0x00007ffe9aca9000 	C:\WINDOWS\System32\bcryptPrimitives.dll
0x00007ffe94360000 - 0x00007ffe94385000 	C:\Program Files\Android\Android Studio\jbr\bin\java.dll
0x00007ffe88da0000 - 0x00007ffe88db8000 	C:\Program Files\Android\Android Studio\jbr\bin\zip.dll
0x00007ffe9b030000 - 0x00007ffe9b88c000 	C:\WINDOWS\System32\SHELL32.dll
0x00007ffe981c0000 - 0x00007ffe98ab6000 	C:\WINDOWS\SYSTEM32\windows.storage.dll
0x00007ffe98080000 - 0x00007ffe981be000 	C:\WINDOWS\SYSTEM32\wintypes.dll
0x00007ffe9bc20000 - 0x00007ffe9bd15000 	C:\WINDOWS\System32\SHCORE.dll
0x00007ffe9afd0000 - 0x00007ffe9b02e000 	C:\WINDOWS\System32\shlwapi.dll
0x00007ffe9a200000 - 0x00007ffe9a221000 	C:\WINDOWS\SYSTEM32\profapi.dll
0x00007ffe86910000 - 0x00007ffe86929000 	C:\Program Files\Android\Android Studio\jbr\bin\net.dll
0x00007ffe958a0000 - 0x00007ffe959d6000 	C:\WINDOWS\SYSTEM32\WINHTTP.dll
0x00007ffe99850000 - 0x00007ffe998b9000 	C:\WINDOWS\system32\mswsock.dll
0x00007ffe868f0000 - 0x00007ffe86906000 	C:\Program Files\Android\Android Studio\jbr\bin\nio.dll
0x00007ffe93ab0000 - 0x00007ffe93ac0000 	C:\Program Files\Android\Android Studio\jbr\bin\verify.dll

dbghelp: loaded successfully - version: 4.0.5 - missing functions: none
symbol engine: initialized successfully - sym options: 0x614 - pdb path: .;C:\Program Files\Android\Android Studio\jbr\bin;C:\WINDOWS\SYSTEM32;C:\WINDOWS\WinSxS\amd64_microsoft.windows.common-controls_6595b64144ccf1df_6.0.22621.3527_none_270e469b73872a76;C:\Program Files\Android\Android Studio\jbr\bin\server

VM Arguments:
java_command: org.jetbrains.kotlin.cli.jvm.K2JVMCompiler @D:\AndroidStudio\ChatAppSocial\core\common\build\20240525_10462714127960484394.compiler.options
java_class_path (initial): C:\Users\Admin\.gradle\caches\modules-2\files-2.1\org.jetbrains.kotlin\kotlin-compiler-embeddable\1.9.10\57ca1b0823ae3ecb451a97e1f8e6de0b19ea5294\kotlin-compiler-embeddable-1.9.10.jar;C:\Users\Admin\.gradle\caches\modules-2\files-2.1\org.jetbrains.kotlin\kotlin-stdlib\1.9.10\72812e8a368917ab5c0a5081b56915ffdfec93b7\kotlin-stdlib-1.9.10.jar;C:\Users\Admin\.gradle\caches\modules-2\files-2.1\org.jetbrains.kotlin\kotlin-script-runtime\1.9.10\398513a8534701579cccaf5953ea914416b4696c\kotlin-script-runtime-1.9.10.jar;C:\Users\Admin\.gradle\caches\modules-2\files-2.1\org.jetbrains.kotlin\kotlin-reflect\1.6.10\1cbe9c92c12a94eea200d23c2bbaedaf3daf5132\kotlin-reflect-1.6.10.jar;C:\Users\Admin\.gradle\caches\modules-2\files-2.1\org.jetbrains.kotlin\kotlin-daemon-embeddable\1.9.10\bda2f7daa6b89d2ded2d9e1e0b0cadaf9446ade1\kotlin-daemon-embeddable-1.9.10.jar;C:\Users\Admin\.gradle\caches\modules-2\files-2.1\org.jetbrains.intellij.deps\trove4j\1.0.20200330\3afb14d5f9ceb459d724e907a21145e8ff394f02\trove4j-1.0.20200330.jar;C:\Users\Admin\.gradle\caches\modules-2\files-2.1\org.jetbrains.kotlin\kotlin-stdlib-common\1.9.10\dafaf2c27f27c09220cee312df10917d9a5d97ce\kotlin-stdlib-common-1.9.10.jar;C:\Users\Admin\.gradle\caches\modules-2\files-2.1\org.jetbrains\annotations\13.0\919f0dfe192fb4e063e7dacadee7f8bb9a2672a9\annotations-13.0.jar
Launcher Type: SUN_STANDARD

[Global flags]
     intx CICompilerCount                          = 4                                         {product} {ergonomic}
     uint ConcGCThreads                            = 3                                         {product} {ergonomic}
     uint G1ConcRefinementThreads                  = 10                                        {product} {ergonomic}
   size_t G1HeapRegionSize                         = 2097152                                   {product} {ergonomic}
    uintx GCDrainStackTargetSize                   = 64                                        {product} {ergonomic}
   size_t InitialHeapSize                          = 266338304                                 {product} {ergonomic}
   size_t MarkStackSize                            = 4194304                                   {product} {ergonomic}
   size_t MaxHeapSize                              = 4238344192                                {product} {ergonomic}
   size_t MaxNewSize                               = 2541748224                                {product} {ergonomic}
   size_t MinHeapDeltaBytes                        = 2097152                                   {product} {ergonomic}
   size_t MinHeapSize                              = 8388608                                   {product} {ergonomic}
    uintx NonNMethodCodeHeapSize                   = 5839372                                {pd product} {ergonomic}
    uintx NonProfiledCodeHeapSize                  = 122909434                              {pd product} {ergonomic}
    uintx ProfiledCodeHeapSize                     = 122909434                              {pd product} {ergonomic}
    uintx ReservedCodeCacheSize                    = 251658240                              {pd product} {ergonomic}
     bool SegmentedCodeCache                       = true                                      {product} {ergonomic}
   size_t SoftMaxHeapSize                          = 4238344192                             {manageable} {ergonomic}
     bool UseCompressedClassPointers               = true                           {product lp64_product} {ergonomic}
     bool UseCompressedOops                        = true                           {product lp64_product} {ergonomic}
     bool UseG1GC                                  = true                                      {product} {ergonomic}
     bool UseLargePagesIndividualAllocation        = false                                  {pd product} {ergonomic}

Logging:
Log output configuration:
 #0: stdout all=warning uptime,level,tags
 #1: stderr all=off uptime,level,tags

Environment Variables:
JAVA_HOME=C:\Program Files\Java\jdk-21
PATH=C:\Program Files\Common Files\Oracle\Java\javapath;C:\WINDOWS\system32;C:\WINDOWS;C:\WINDOWS\System32\Wbem;C:\WINDOWS\System32\WindowsPowerShell\v1.0\;C:\WINDOWS\System32\OpenSSH\;C:\Program Files\Git\cmd;C:\Program Files\Docker\Docker\resources\bin;C:\Program Files\nodejs\;C:\Program Files\Android\Android Studio\bin;D:\Program Files\JetBrains\IntelliJ IDEA 2023.1.2\bin;C:\Program Files\Common Files\Oracle\Java\javapath;C:\WINDOWS\system32;C:\WINDOWS;C:\WINDOWS\System32\Wbem;C:\WINDOWS\System32\WindowsPowerShell\v1.0\;C:\WINDOWS\System32\OpenSSH\;C:\Program Files\Git\cmd;C:\Program Files\Docker\Docker\resources\bin;C:\Program Files\nodejs\;C:\Program Files\Android\Android Studio\bin;D:\Program Files\JetBrains\IntelliJ IDEA 2023.1.2\bin;;D:\Program Files\JetBrains\IntelliJ IDEA\bin;C:\Users\Admin\AppData\Local\Microsoft\WindowsApps;C:\Users\Admin\AppData\Local\Programs\oh-my-posh\bin;D:\Program Files\JetBrains\IntelliJ IDEA;C:\Users\Admin\AppData\Local\Programs\Microsoft VS Code\bin
USERNAME=Admin
OS=Windows_NT
PROCESSOR_IDENTIFIER=Intel64 Family 6 Model 141 Stepping 1, GenuineIntel
TMP=C:\Users\Admin\AppData\Local\Temp
TEMP=C:\Users\Admin\AppData\Local\Temp


JNI global refs:
JNI global refs: 8, weak refs: 0

JNI global refs memory usage: 843, weak refs: 209

OOME stack traces (most recent first):
Classloader memory used:
Loader jdk.internal.loader.ClassLoaders$AppClassLoader                                 : 3556K
Loader bootstrap                                                                       : 1243K
Loader java.net.URLClassLoader                                                         : 15649B
Loader jdk.internal.reflect.DelegatingClassLoader                                      : 5638B


---------------  S Y S T E M  ---------------

OS:
 Windows 11 , 64 bit Build 22621 (10.0.22621.3527)
OS uptime: 0 days 12:13 hours
Hyper-V role detected

CPU: total 12 (initial active 12) (6 cores per cpu, 2 threads per core) family 6 model 141 stepping 1 microcode 0x3c, cx8, cmov, fxsr, ht, mmx, 3dnowpref, sse, sse2, sse3, ssse3, sse4.1, sse4.2, popcnt, lzcnt, tsc, tscinvbit, avx, avx2, aes, erms, clmul, bmi1, bmi2, adx, avx512f, avx512dq, avx512cd, avx512bw, avx512vl, sha, fma, vzeroupper, avx512_vpopcntdq, avx512_vpclmulqdq, avx512_vaes, avx512_vnni, clflush, clflushopt, clwb, avx512_vbmi2, avx512_vbmi, hv

Memory: 4k page, system-wide physical 16163M (461M free)
TotalPageFile size 33843M (AvailPageFile size 6M)
current process WorkingSet (physical memory assigned to process): 147M, peak: 147M
current process commit charge ("private bytes"): 295M, peak: 371M

vm_info: OpenJDK 64-Bit Server VM (17.0.7+0-b2043.56-10550314) for windows-amd64 JRE (17.0.7+0-b2043.56-10550314), built on Jul 24 2023 18:27:45 by "androidbuild" with MS VC++ 16.10 / 16.11 (VS2019)

END.
